./1brc-410-fast-semi

real	0m8.219s
user	0m42.299s
sys	0m7.579s

./1brc-409-parallel-opt

real	0m9.164s
user	0m51.036s
sys	0m7.585s

./1brc-408-parallel-baseline

real	1m9.731s
user	8m12.166s
sys	0m20.341s

./1brc-407-custom-hash-table

real	0m33.267s
user	0m25.438s
sys	0m4.274s

./1brc-406-no-scanner

real	1m2.380s
user	0m54.141s
sys	0m4.371s

./1brc-405-avoid-cut

real	1m32.139s
user	1m25.407s
sys	0m6.695s

./1brc-404-temp-int32

real	1m43.477s
user	1m36.655s
sys	0m6.914s

./1brc-403-avoid-parse-float

real	1m45.715s
user	1m38.902s
sys	0m6.746s

./1brc-402-avoid-double-hashing

real	2m18.899s
user	2m11.940s
sys	0m6.818s

./1brc-401-baseline

real	2m41.043s
user	2m34.359s
sys	0m6.408s

./1brc-081-mmap-int-static-map-za-key

real	0m16.663s
user	1m52.486s
sys	0m6.963s

./1brc-080-mmap-int-static-map

real	0m20.360s
user	2m25.248s
sys	0m4.048s

./1brc-076-mmap-int-za-key

real	0m20.793s
user	2m32.119s
sys	0m3.717s

./1brc-075-mmap-int-extra

real	0m36.159s
user	4m36.541s
sys	0m4.024s

./1brc-070-mmap-int-tweaks

real	0m36.920s
user	4m43.751s
sys	0m3.279s

./1brc-060-mmap-int
2024/11/10 22:50:19 469762099 67108872
2024/11/10 22:50:19 0 67108868
2024/11/10 22:50:19 67108869 67108865
2024/11/10 22:50:19 201326605 67108874
2024/11/10 22:50:19 335544358 67108868
2024/11/10 22:50:19 134217735 67108869
2024/11/10 22:50:19 268435480 67108877
2024/11/10 22:50:19 402653227 67108871
2024/11/10 22:50:20 738197582 67108868
2024/11/10 22:50:20 603979839 67108869
2024/11/10 22:50:20 671088709 67108872
2024/11/10 22:50:20 805306451 67108867
2024/11/10 22:50:20 536870972 67108866
2024/11/10 22:50:20 872415319 67108870
2024/11/10 22:50:20 939524190 67108864
2024/11/10 22:50:21 1006633055 67108873
2024/11/10 22:50:22 1073741929 67108876
2024/11/10 22:50:22 1140850806 67108877
2024/11/10 22:50:22 1207959684 67108874
2024/11/10 22:50:22 1409286322 67108869
2024/11/10 22:50:22 1342177433 67108888
2024/11/10 22:50:22 1275068559 67108873
2024/11/10 22:50:22 1476395192 67108865
2024/11/10 22:50:22 1543504058 67108869
2024/11/10 22:50:23 1610612928 67108894
2024/11/10 22:50:23 1677721823 67108869
2024/11/10 22:50:23 1744830693 67108871
2024/11/10 22:50:23 1811939565 67108866
2024/11/10 22:50:23 1879048432 67108871
2024/11/10 22:50:23 1946157304 67108867
2024/11/10 22:50:23 2013266172 67108868
2024/11/10 22:50:23 2080375041 67108877
2024/11/10 22:50:25 2147483919 67108879
2024/11/10 22:50:25 2281701664 67108866
2024/11/10 22:50:25 2214592799 67108864
2024/11/10 22:50:25 2348810531 67108869
2024/11/10 22:50:25 2415919401 67108876
2024/11/10 22:50:25 2483028278 67108870
2024/11/10 22:50:25 2617246026 67108870
2024/11/10 22:50:25 2550137149 67108876
2024/11/10 22:50:26 2684354897 67108868
2024/11/10 22:50:26 2751463766 67108865
2024/11/10 22:50:26 2818572632 67108867
2024/11/10 22:50:26 2885681500 67108868
2024/11/10 22:50:26 2952790369 67108875
2024/11/10 22:50:26 3087008124 67108864
2024/11/10 22:50:26 3019899245 67108878
2024/11/10 22:50:26 3154116989 67108868
2024/11/10 22:50:27 3221225858 67108871
2024/11/10 22:50:27 3288334730 67108869
2024/11/10 22:50:27 3355443600 67108877
2024/11/10 22:50:28 3422552478 67108864
2024/11/10 22:50:28 3489661343 67108874
2024/11/10 22:50:28 3556770218 67108875
2024/11/10 22:50:28 3623879094 67108870
2024/11/10 22:50:28 3690987965 67108874
2024/11/10 22:50:29 3758096840 67108875
2024/11/10 22:50:29 3825205716 67108878
2024/11/10 22:50:29 3892314595 67108873
2024/11/10 22:50:29 3959423469 67108867
2024/11/10 22:50:29 4093641210 67108871
2024/11/10 22:50:29 4026532337 67108872
2024/11/10 22:50:29 4160750082 67108876
2024/11/10 22:50:29 4227858959 67108872
2024/11/10 22:50:30 4294967832 67108877
2024/11/10 22:50:30 4429185587 67108870
2024/11/10 22:50:30 4496294458 67108872
2024/11/10 22:50:30 4362076710 67108876
2024/11/10 22:50:31 4563403331 67108872
2024/11/10 22:50:31 4630512204 67108874
2024/11/10 22:50:31 4697621079 67108865
2024/11/10 22:50:31 4764729945 67108869
2024/11/10 22:50:32 4831838815 67108878
2024/11/10 22:50:32 4898947694 67108875
2024/11/10 22:50:32 5100274324 67108864
2024/11/10 22:50:32 4966056570 67108874
2024/11/10 22:50:32 5033165445 67108878
2024/11/10 22:50:32 5167383189 67108868
2024/11/10 22:50:32 5234492058 67108865
2024/11/10 22:50:33 5301600924 67108874
2024/11/10 22:50:34 5435818670 67108868
2024/11/10 22:50:34 5368709799 67108870
2024/11/10 22:50:34 5570036408 67108876
2024/11/10 22:50:34 5502927539 67108868
2024/11/10 22:50:34 5637145285 67108864
2024/11/10 22:50:34 5704254150 67108867
2024/11/10 22:50:34 5771363018 67108880
2024/11/10 22:50:34 5838471899 67108866
2024/11/10 22:50:35 5905580766 67108873
2024/11/10 22:50:35 5972689640 67108870
2024/11/10 22:50:35 6039798511 67108866
2024/11/10 22:50:35 6106907378 67108869
2024/11/10 22:50:35 6174016248 67108865
2024/11/10 22:50:35 6241125114 67108872
2024/11/10 22:50:36 6308233987 67108873
2024/11/10 22:50:36 6375342861 67108865
2024/11/10 22:50:37 6442451727 67108871
2024/11/10 22:50:37 6576669469 67108874
2024/11/10 22:50:37 6509560599 67108869
2024/11/10 22:50:37 6643778344 67108867
2024/11/10 22:50:37 6710887212 67108876
2024/11/10 22:50:37 6777996089 67108879
2024/11/10 22:50:37 6845104969 67108871
2024/11/10 22:50:37 6912213841 67108865
2024/11/10 22:50:38 6979322707 67108865
2024/11/10 22:50:38 7046431573 67108872
2024/11/10 22:50:38 7180649311 67108869
2024/11/10 22:50:38 7113540446 67108864
2024/11/10 22:50:38 7247758181 67108873
2024/11/10 22:50:38 7314867055 67108867
2024/11/10 22:50:39 7381975923 67108871
2024/11/10 22:50:39 7449084795 67108868
2024/11/10 22:50:39 7516193664 67108873
2024/11/10 22:50:40 7583302538 67108869
2024/11/10 22:50:40 7650411408 67108872
2024/11/10 22:50:40 7717520281 67108864
2024/11/10 22:50:40 7784629146 67108869
2024/11/10 22:50:40 7851738016 67108872
2024/11/10 22:50:40 7918846889 67108870
2024/11/10 22:50:40 7985955760 67108886
2024/11/10 22:50:41 8053064647 67108874
2024/11/10 22:50:41 8120173522 67108871
2024/11/10 22:50:41 8187282394 67108877
2024/11/10 22:50:41 8254391272 67108866
2024/11/10 22:50:41 8321500139 67108868
2024/11/10 22:50:41 8388609008 67108865
2024/11/10 22:50:42 8455717874 67108865
2024/11/10 22:50:42 8522826740 67108878
2024/11/10 22:50:42 8589935619 67108876
2024/11/10 22:50:42 8657044496 67108872
2024/11/10 22:50:42 8724153369 67108867
2024/11/10 22:50:42 8791262237 67108875
2024/11/10 22:50:43 8858371113 67108875
2024/11/10 22:50:43 8925479989 67108867
2024/11/10 22:50:43 8992588857 67108865
2024/11/10 22:50:43 9059697723 67108865
2024/11/10 22:50:44 9126806589 67108864
2024/11/10 22:50:44 9193915454 67108874
2024/11/10 22:50:44 9261024329 67108865
2024/11/10 22:50:44 9328133195 67108865
2024/11/10 22:50:44 9395242061 67108871
2024/11/10 22:50:44 9462350933 67108872
2024/11/10 22:50:44 9529459806 67108866
2024/11/10 22:50:44 9596568673 67108866
2024/11/10 22:50:45 9663677540 67108873
2024/11/10 22:50:45 9730786414 67108872
2024/11/10 22:50:45 9797895287 67108876
2024/11/10 22:50:45 9865004164 67108867
2024/11/10 22:50:45 9932113032 67108866
2024/11/10 22:50:45 9999221899 67108875
2024/11/10 22:50:46 10066330775 67108870
2024/11/10 22:50:46 10133439646 67108874
2024/11/10 22:50:47 10200548521 67108877
2024/11/10 22:50:47 10267657399 67108870
2024/11/10 22:50:47 10334766270 67108865
2024/11/10 22:50:47 10401875136 67108871
2024/11/10 22:50:47 10468984008 67108866
2024/11/10 22:50:47 10536092875 67108865
2024/11/10 22:50:47 10603201741 67108876
2024/11/10 22:50:47 10670310618 67108875
2024/11/10 22:50:48 10737419494 67108874
2024/11/10 22:50:48 10804528369 67108877
2024/11/10 22:50:48 10871637247 67108867
2024/11/10 22:50:48 10938746115 67108871
2024/11/10 22:50:48 11005854987 67108878
2024/11/10 22:50:48 11072963866 67108876
2024/11/10 22:50:49 11140072743 67108866
2024/11/10 22:50:49 11207181610 67108871
2024/11/10 22:50:49 11274290482 67108867
2024/11/10 22:50:49 11341399350 67108868
2024/11/10 22:50:49 11408508219 67108866
2024/11/10 22:50:49 11475617086 67108867
2024/11/10 22:50:50 11542725954 67108872
2024/11/10 22:50:50 11609834827 67108876
2024/11/10 22:50:50 11676943704 67108871
2024/11/10 22:50:50 11744052576 67108864
2024/11/10 22:50:51 11878270315 67108870
2024/11/10 22:50:51 11811161441 67108873
2024/11/10 22:50:51 11945379186 67108865
2024/11/10 22:50:51 12012488052 67108872
2024/11/10 22:50:51 12079596925 67108869
2024/11/10 22:50:51 12146705795 67108871
2024/11/10 22:50:52 12213814667 67108881
2024/11/10 22:50:52 12280923549 67108869
2024/11/10 22:50:52 12348032419 67108876
2024/11/10 22:50:52 12415141296 67108868
2024/11/10 22:50:53 12482250165 67108868
2024/11/10 22:50:53 12549359034 67108875
2024/11/10 22:50:53 12616467910 67108867
2024/11/10 22:50:53 12683576778 67108870
2024/11/10 22:50:53 12750685649 67108866
2024/11/10 22:50:54 12817794516 67108874
2024/11/10 22:50:54 12884903391 67108864
2024/11/10 22:50:54 12952012256 67108879
2024/11/10 22:50:54 13019121136 67108875
2024/11/10 22:50:54 13086230012 67108869
2024/11/10 22:50:54 13153338882 67108879
2024/11/10 22:50:55 13220447762 67108873
2024/11/10 22:50:55 13287556636 67108866
2024/11/10 22:50:55 13354665503 67108873
2024/11/10 22:50:56 13421774377 67108866
2024/11/10 22:50:56 13488883244 67108875
2024/11/10 22:50:56 13555992120 67108868
2024/11/10 22:50:56 13623100989 67108870
2024/11/10 22:50:56 13690209860 67108868

real	0m39.022s
user	4m42.813s
sys	0m7.278s

./1brc-060-mmap-float
2024/11/10 22:51:38 0 67108868
2024/11/10 22:51:38 268435480 67108877
2024/11/10 22:51:38 402653227 67108871
2024/11/10 22:51:38 469762099 67108872
2024/11/10 22:51:38 335544358 67108868
2024/11/10 22:51:38 134217735 67108869
2024/11/10 22:51:38 67108869 67108865
2024/11/10 22:51:38 201326605 67108874
2024/11/10 22:51:40 536870972 67108866
2024/11/10 22:51:40 603979839 67108869
2024/11/10 22:51:40 671088709 67108872
2024/11/10 22:51:40 738197582 67108868
2024/11/10 22:51:40 805306451 67108867
2024/11/10 22:51:40 872415319 67108870
2024/11/10 22:51:40 939524190 67108864
2024/11/10 22:51:40 1006633055 67108873
2024/11/10 22:51:41 1073741929 67108876
2024/11/10 22:51:41 1140850806 67108877
2024/11/10 22:51:41 1207959684 67108874
2024/11/10 22:51:41 1275068559 67108873
2024/11/10 22:51:41 1342177433 67108888
2024/11/10 22:51:41 1409286322 67108869
2024/11/10 22:51:42 1543504058 67108869
2024/11/10 22:51:42 1476395192 67108865
2024/11/10 22:51:43 1610612928 67108894
2024/11/10 22:51:43 1677721823 67108869
2024/11/10 22:51:43 1744830693 67108871
2024/11/10 22:51:43 1811939565 67108866
2024/11/10 22:51:43 1879048432 67108871
2024/11/10 22:51:43 1946157304 67108867
2024/11/10 22:51:43 2013266172 67108868
2024/11/10 22:51:43 2080375041 67108877
2024/11/10 22:51:45 2147483919 67108879
2024/11/10 22:51:45 2214592799 67108864
2024/11/10 22:51:45 2281701664 67108866
2024/11/10 22:51:45 2348810531 67108869
2024/11/10 22:51:45 2415919401 67108876
2024/11/10 22:51:45 2617246026 67108870
2024/11/10 22:51:45 2550137149 67108876
2024/11/10 22:51:45 2483028278 67108870
2024/11/10 22:51:46 2684354897 67108868
2024/11/10 22:51:47 2751463766 67108865
2024/11/10 22:51:47 2818572632 67108867
2024/11/10 22:51:47 2885681500 67108868
2024/11/10 22:51:47 2952790369 67108875
2024/11/10 22:51:47 3019899245 67108878
2024/11/10 22:51:47 3087008124 67108864
2024/11/10 22:51:47 3154116989 67108868
2024/11/10 22:51:48 3221225858 67108871
2024/11/10 22:51:48 3288334730 67108869
2024/11/10 22:51:48 3422552478 67108864
2024/11/10 22:51:48 3355443600 67108877
2024/11/10 22:51:49 3489661343 67108874
2024/11/10 22:51:49 3556770218 67108875
2024/11/10 22:51:49 3623879094 67108870
2024/11/10 22:51:49 3690987965 67108874
2024/11/10 22:51:50 3758096840 67108875
2024/11/10 22:51:50 3825205716 67108878
2024/11/10 22:51:50 3892314595 67108873
2024/11/10 22:51:51 4026532337 67108872
2024/11/10 22:51:51 3959423469 67108867
2024/11/10 22:51:51 4093641210 67108871
2024/11/10 22:51:51 4160750082 67108876
2024/11/10 22:51:51 4227858959 67108872
2024/11/10 22:51:52 4294967832 67108877
2024/11/10 22:51:52 4362076710 67108876
2024/11/10 22:51:52 4429185587 67108870
2024/11/10 22:51:52 4496294458 67108872
2024/11/10 22:51:53 4563403331 67108872
2024/11/10 22:51:53 4630512204 67108874
2024/11/10 22:51:53 4697621079 67108865
2024/11/10 22:51:53 4764729945 67108869
2024/11/10 22:51:54 4831838815 67108878
2024/11/10 22:51:54 4898947694 67108875
2024/11/10 22:51:54 4966056570 67108874
2024/11/10 22:51:54 5033165445 67108878
2024/11/10 22:51:54 5100274324 67108864
2024/11/10 22:51:54 5167383189 67108868
2024/11/10 22:51:54 5234492058 67108865
2024/11/10 22:51:55 5301600924 67108874
2024/11/10 22:51:55 5368709799 67108870
2024/11/10 22:51:55 5435818670 67108868
2024/11/10 22:51:55 5502927539 67108868
2024/11/10 22:51:56 5570036408 67108876
2024/11/10 22:51:56 5637145285 67108864
2024/11/10 22:51:56 5704254150 67108867
2024/11/10 22:51:56 5771363018 67108880
2024/11/10 22:51:56 5838471899 67108866
2024/11/10 22:51:57 5905580766 67108873
2024/11/10 22:51:57 5972689640 67108870
2024/11/10 22:51:57 6039798511 67108866
2024/11/10 22:51:58 6106907378 67108869
2024/11/10 22:51:58 6174016248 67108865
2024/11/10 22:51:58 6241125114 67108872
2024/11/10 22:51:58 6308233987 67108873
2024/11/10 22:51:58 6375342861 67108865
2024/11/10 22:51:59 6442451727 67108871
2024/11/10 22:51:59 6509560599 67108869
2024/11/10 22:51:59 6576669469 67108874
2024/11/10 22:51:59 6643778344 67108867
2024/11/10 22:51:59 6710887212 67108876
2024/11/10 22:51:59 6777996089 67108879
2024/11/10 22:51:59 6845104969 67108871
2024/11/10 22:52:00 6912213841 67108865
2024/11/10 22:52:00 6979322707 67108865
2024/11/10 22:52:00 7046431573 67108872
2024/11/10 22:52:00 7113540446 67108864
2024/11/10 22:52:01 7180649311 67108869
2024/11/10 22:52:01 7247758181 67108873
2024/11/10 22:52:01 7314867055 67108867
2024/11/10 22:52:01 7381975923 67108871
2024/11/10 22:52:01 7449084795 67108868
2024/11/10 22:52:02 7516193664 67108873
2024/11/10 22:52:02 7583302538 67108869
2024/11/10 22:52:02 7650411408 67108872
2024/11/10 22:52:03 7717520281 67108864
2024/11/10 22:52:03 7784629146 67108869
2024/11/10 22:52:03 7851738016 67108872
2024/11/10 22:52:03 7918846889 67108870
2024/11/10 22:52:03 7985955760 67108886
2024/11/10 22:52:04 8053064647 67108874
2024/11/10 22:52:04 8120173522 67108871
2024/11/10 22:52:04 8187282394 67108877
2024/11/10 22:52:04 8254391272 67108866
2024/11/10 22:52:04 8321500139 67108868
2024/11/10 22:52:04 8388609008 67108865
2024/11/10 22:52:05 8455717874 67108865
2024/11/10 22:52:05 8522826740 67108878
2024/11/10 22:52:05 8589935619 67108876
2024/11/10 22:52:06 8657044496 67108872
2024/11/10 22:52:06 8724153369 67108867
2024/11/10 22:52:06 8791262237 67108875
2024/11/10 22:52:06 8858371113 67108875
2024/11/10 22:52:06 8925479989 67108867
2024/11/10 22:52:06 8992588857 67108865
2024/11/10 22:52:06 9059697723 67108865
2024/11/10 22:52:07 9126806589 67108864
2024/11/10 22:52:07 9193915454 67108874
2024/11/10 22:52:07 9261024329 67108865
2024/11/10 22:52:08 9328133195 67108865
2024/11/10 22:52:08 9462350933 67108872
2024/11/10 22:52:08 9395242061 67108871
2024/11/10 22:52:08 9529459806 67108866
2024/11/10 22:52:08 9596568673 67108866
2024/11/10 22:52:09 9663677540 67108873
2024/11/10 22:52:09 9730786414 67108872
2024/11/10 22:52:09 9797895287 67108876
2024/11/10 22:52:09 9865004164 67108867
2024/11/10 22:52:09 9999221899 67108875
2024/11/10 22:52:09 9932113032 67108866
2024/11/10 22:52:10 10066330775 67108870
2024/11/10 22:52:10 10133439646 67108874
2024/11/10 22:52:10 10200548521 67108877
2024/11/10 22:52:11 10267657399 67108870
2024/11/10 22:52:11 10334766270 67108865
2024/11/10 22:52:11 10401875136 67108871
2024/11/10 22:52:11 10468984008 67108866
2024/11/10 22:52:11 10536092875 67108865
2024/11/10 22:52:11 10670310618 67108875
2024/11/10 22:52:12 10603201741 67108876
2024/11/10 22:52:12 10737419494 67108874
2024/11/10 22:52:12 10804528369 67108877
2024/11/10 22:52:12 10871637247 67108867
2024/11/10 22:52:13 10938746115 67108871
2024/11/10 22:52:13 11005854987 67108878
2024/11/10 22:52:13 11072963866 67108876
2024/11/10 22:52:13 11140072743 67108866
2024/11/10 22:52:13 11207181610 67108871
2024/11/10 22:52:14 11274290482 67108867
2024/11/10 22:52:14 11341399350 67108868
2024/11/10 22:52:14 11408508219 67108866
2024/11/10 22:52:14 11475617086 67108867
2024/11/10 22:52:15 11542725954 67108872
2024/11/10 22:52:15 11609834827 67108876
2024/11/10 22:52:15 11676943704 67108871
2024/11/10 22:52:15 11744052576 67108864
2024/11/10 22:52:15 11811161441 67108873
2024/11/10 22:52:16 11878270315 67108870
2024/11/10 22:52:16 11945379186 67108865
2024/11/10 22:52:16 12012488052 67108872
2024/11/10 22:52:16 12079596925 67108869
2024/11/10 22:52:16 12146705795 67108871
2024/11/10 22:52:16 12213814667 67108881
2024/11/10 22:52:17 12280923549 67108869
2024/11/10 22:52:17 12348032419 67108876
2024/11/10 22:52:17 12415141296 67108868
2024/11/10 22:52:17 12482250165 67108868
2024/11/10 22:52:18 12549359034 67108875
2024/11/10 22:52:18 12616467910 67108867
2024/11/10 22:52:18 12683576778 67108870
2024/11/10 22:52:18 12750685649 67108866
2024/11/10 22:52:18 12817794516 67108874
2024/11/10 22:52:19 12884903391 67108864
2024/11/10 22:52:19 12952012256 67108879
2024/11/10 22:52:19 13019121136 67108875
2024/11/10 22:52:20 13086230012 67108869
2024/11/10 22:52:20 13153338882 67108879
2024/11/10 22:52:20 13220447762 67108873
2024/11/10 22:52:20 13287556636 67108866
2024/11/10 22:52:20 13354665503 67108873
2024/11/10 22:52:21 13421774377 67108866
2024/11/10 22:52:21 13488883244 67108875
2024/11/10 22:52:21 13555992120 67108868
2024/11/10 22:52:21 13623100989 67108870
2024/11/10 22:52:21 13690209860 67108868

real	0m45.243s
user	5m35.871s
sys	0m6.606s

./1brc-050-mmap
2024/11/10 22:53:09 33554449 33554432
2024/11/10 22:53:09 201326643 33554445
2024/11/10 22:53:09 167772203 33554439
2024/11/10 22:53:09 0 33554448
2024/11/10 22:53:09 100663323 33554434
2024/11/10 22:53:09 134217758 33554444
2024/11/10 22:53:09 67108882 33554440
2024/11/10 22:53:09 234881089 33554434
2024/11/10 22:53:10 268435524 33554434
2024/11/10 22:53:10 301989959 33554434
2024/11/10 22:53:10 335544394 33554433
2024/11/10 22:53:10 369098828 33554441
2024/11/10 22:53:10 402653270 33554437
2024/11/10 22:53:10 436207708 33554444
2024/11/10 22:53:10 469762153 33554441
2024/11/10 22:53:10 503316595 33554440
2024/11/10 22:53:11 570425470 33554442
2024/11/10 22:53:11 536871036 33554433
2024/11/10 22:53:11 603979913 33554435
2024/11/10 22:53:11 637534349 33554432
2024/11/10 22:53:11 671088782 33554442
2024/11/10 22:53:11 704643225 33554435
2024/11/10 22:53:12 738197661 33554436
2024/11/10 22:53:12 771752098 33554432
2024/11/10 22:53:13 805306531 33554433
2024/11/10 22:53:13 838860965 33554435
2024/11/10 22:53:13 872415401 33554441
2024/11/10 22:53:13 905969843 33554443
2024/11/10 22:53:13 939524287 33554434
2024/11/10 22:53:13 973078722 33554432
2024/11/10 22:53:13 1006633155 33554432
2024/11/10 22:53:13 1040187588 33554434
2024/11/10 22:53:14 1073742023 33554442
2024/11/10 22:53:14 1107296466 33554441
2024/11/10 22:53:14 1174405352 33554444
2024/11/10 22:53:14 1140850908 33554443
2024/11/10 22:53:14 1207959797 33554440
2024/11/10 22:53:14 1241514238 33554439
2024/11/10 22:53:14 1275068678 33554441
2024/11/10 22:53:14 1308623120 33554438
2024/11/10 22:53:15 1342177559 33554432
2024/11/10 22:53:15 1375731992 33554435
2024/11/10 22:53:15 1409286428 33554434
2024/11/10 22:53:15 1442840863 33554444
2024/11/10 22:53:15 1509949749 33554436
2024/11/10 22:53:15 1476395308 33554440
2024/11/10 22:53:15 1543504186 33554450
2024/11/10 22:53:15 1577058637 33554436
2024/11/10 22:53:16 1610613074 33554445
2024/11/10 22:53:16 1644167520 33554441
2024/11/10 22:53:16 1677721962 33554436
2024/11/10 22:53:16 1711276399 33554434
2024/11/10 22:53:16 1744830834 33554439
2024/11/10 22:53:16 1778385274 33554436
2024/11/10 22:53:16 1811939711 33554445
2024/11/10 22:53:16 1845494157 33554440
2024/11/10 22:53:17 1879048598 33554441
2024/11/10 22:53:17 1912603040 33554438
2024/11/10 22:53:17 1946157479 33554439
2024/11/10 22:53:17 1979711919 33554441
2024/11/10 22:53:17 2046820804 33554442
2024/11/10 22:53:17 2013266361 33554442
2024/11/10 22:53:17 2080375247 33554442
2024/11/10 22:53:17 2113929690 33554436
2024/11/10 22:53:18 2147484127 33554432
2024/11/10 22:53:18 2181038560 33554434
2024/11/10 22:53:18 2214592995 33554434
2024/11/10 22:53:18 2248147430 33554434
2024/11/10 22:53:18 2281701865 33554445
2024/11/10 22:53:18 2315256311 33554436
2024/11/10 22:53:18 2348810748 33554441
2024/11/10 22:53:18 2382365190 33554442
2024/11/10 22:53:19 2415919633 33554433
2024/11/10 22:53:19 2449474067 33554441
2024/11/10 22:53:19 2483028509 33554434
2024/11/10 22:53:19 2516582944 33554443
2024/11/10 22:53:19 2550137388 33554444
2024/11/10 22:53:19 2583691833 33554440
2024/11/10 22:53:19 2617246274 33554434
2024/11/10 22:53:19 2650800709 33554441
2024/11/10 22:53:20 2684355151 33554437
2024/11/10 22:53:20 2717909589 33554433
2024/11/10 22:53:20 2751464023 33554441
2024/11/10 22:53:20 2785018465 33554442
2024/11/10 22:53:20 2818572908 33554441
2024/11/10 22:53:20 2852127350 33554434
2024/11/10 22:53:20 2885681785 33554434
2024/11/10 22:53:20 2919236220 33554454
2024/11/10 22:53:21 2986345124 33554433
2024/11/10 22:53:21 2952790675 33554448
2024/11/10 22:53:21 3019899558 33554433
2024/11/10 22:53:21 3053453992 33554432
2024/11/10 22:53:21 3087008425 33554446
2024/11/10 22:53:21 3120562872 33554450
2024/11/10 22:53:21 3154117323 33554438
2024/11/10 22:53:21 3187671762 33554434
2024/11/10 22:53:22 3221226197 33554443
2024/11/10 22:53:22 3254780641 33554439
2024/11/10 22:53:22 3288335081 33554442
2024/11/10 22:53:22 3321889524 33554442
2024/11/10 22:53:22 3355443967 33554434
2024/11/10 22:53:22 3388998402 33554437
2024/11/10 22:53:22 3422552840 33554433
2024/11/10 22:53:22 3456107274 33554437
2024/11/10 22:53:23 3489661712 33554435
2024/11/10 22:53:23 3523216148 33554434
2024/11/10 22:53:23 3556770583 33554440
2024/11/10 22:53:23 3590325024 33554435
2024/11/10 22:53:23 3623879460 33554438
2024/11/10 22:53:23 3690988345 33554433
2024/11/10 22:53:23 3657433899 33554445
2024/11/10 22:53:23 3724542779 33554445
2024/11/10 22:53:24 3758097225 33554443
2024/11/10 22:53:24 3791651669 33554432
2024/11/10 22:53:24 3825206102 33554432
2024/11/10 22:53:24 3858760535 33554444
2024/11/10 22:53:24 3892314980 33554442
2024/11/10 22:53:24 3925869423 33554436
2024/11/10 22:53:24 3959423860 33554433
2024/11/10 22:53:24 3992978294 33554443
2024/11/10 22:53:25 4026532738 33554434
2024/11/10 22:53:25 4060087173 33554442
2024/11/10 22:53:25 4093641616 33554447
2024/11/10 22:53:25 4127196064 33554441
2024/11/10 22:53:25 4160750506 33554441
2024/11/10 22:53:25 4194304948 33554434
2024/11/10 22:53:25 4227859383 33554441
2024/11/10 22:53:25 4261413825 33554433
2024/11/10 22:53:26 4294968259 33554441
2024/11/10 22:53:26 4328522701 33554440
2024/11/10 22:53:26 4362077142 33554433
2024/11/10 22:53:26 4395631576 33554437
2024/11/10 22:53:26 4429186014 33554442
2024/11/10 22:53:26 4462740457 33554441
2024/11/10 22:53:26 4496294899 33554446
2024/11/10 22:53:26 4529849346 33554442
2024/11/10 22:53:27 4563403789 33554442
2024/11/10 22:53:27 4596958232 33554438
2024/11/10 22:53:27 4630512671 33554432
2024/11/10 22:53:27 4664067104 33554439
2024/11/10 22:53:27 4697621544 33554440
2024/11/10 22:53:27 4731175985 33554432
2024/11/10 22:53:27 4764730418 33554443
2024/11/10 22:53:27 4798284862 33554445
2024/11/10 22:53:28 4831839308 33554443
2024/11/10 22:53:28 4865393752 33554440
2024/11/10 22:53:28 4898948193 33554433
2024/11/10 22:53:28 4932502627 33554444
2024/11/10 22:53:28 4966057072 33554442
2024/11/10 22:53:28 4999611515 33554446
2024/11/10 22:53:28 5033165962 33554435
2024/11/10 22:53:28 5066720398 33554433
2024/11/10 22:53:29 5100274832 33554445
2024/11/10 22:53:29 5133829278 33554435
2024/11/10 22:53:29 5167383714 33554434
2024/11/10 22:53:29 5200938149 33554433
2024/11/10 22:53:29 5234492583 33554450
2024/11/10 22:53:29 5301601467 33554441
2024/11/10 22:53:29 5268047034 33554432
2024/11/10 22:53:29 5335155909 33554433
2024/11/10 22:53:30 5368710343 33554436
2024/11/10 22:53:30 5402264780 33554433
2024/11/10 22:53:30 5435819214 33554442
2024/11/10 22:53:30 5469373657 33554442
2024/11/10 22:53:30 5502928100 33554434
2024/11/10 22:53:30 5536482535 33554432
2024/11/10 22:53:30 5570036968 33554437
2024/11/10 22:53:30 5603591406 33554434
2024/11/10 22:53:31 5637145841 33554441
2024/11/10 22:53:31 5670700283 33554432
2024/11/10 22:53:31 5704254716 33554437
2024/11/10 22:53:31 5737809154 33554445
2024/11/10 22:53:31 5771363600 33554441
2024/11/10 22:53:31 5804918042 33554439
2024/11/10 22:53:31 5838472482 33554438
2024/11/10 22:53:31 5872026921 33554438
2024/11/10 22:53:32 5905581360 33554433
2024/11/10 22:53:32 5939135794 33554434
2024/11/10 22:53:32 5972690229 33554440
2024/11/10 22:53:32 6006244670 33554434
2024/11/10 22:53:32 6039799105 33554438
2024/11/10 22:53:32 6073353544 33554435
2024/11/10 22:53:32 6140462423 33554436
2024/11/10 22:53:32 6106907980 33554442
2024/11/10 22:53:33 6174016860 33554436
2024/11/10 22:53:33 6241125731 33554441
2024/11/10 22:53:33 6274680173 33554437
2024/11/10 22:53:33 6308234611 33554436
2024/11/10 22:53:33 6207571297 33554433
2024/11/10 22:53:33 6341789048 33554437
2024/11/10 22:53:33 6375343486 33554442
2024/11/10 22:53:34 6408897929 33554433
2024/11/10 22:53:34 6442452363 33554437
2024/11/10 22:53:35 6476006801 33554439
2024/11/10 22:53:35 6509561241 33554436
2024/11/10 22:53:35 6543115678 33554441
2024/11/10 22:53:35 6576670120 33554436
2024/11/10 22:53:35 6610224557 33554437
2024/11/10 22:53:35 6643778995 33554440
2024/11/10 22:53:35 6677333436 33554440
2024/11/10 22:53:35 6710887877 33554438
2024/11/10 22:53:36 6744442316 33554440
2024/11/10 22:53:36 6777996757 33554432
2024/11/10 22:53:36 6811551190 33554445
2024/11/10 22:53:36 6845105636 33554440
2024/11/10 22:53:36 6878660077 33554437
2024/11/10 22:53:36 6912214515 33554442
2024/11/10 22:53:36 6945768958 33554432
2024/11/10 22:53:37 6979323391 33554440
2024/11/10 22:53:37 7012877832 33554436
2024/11/10 22:53:37 7046432269 33554444
2024/11/10 22:53:37 7113541149 33554436
2024/11/10 22:53:37 7079986714 33554434
2024/11/10 22:53:37 7147095586 33554441
2024/11/10 22:53:37 7180650028 33554441
2024/11/10 22:53:37 7214204470 33554442
2024/11/10 22:53:38 7247758913 33554440
2024/11/10 22:53:38 7281313354 33554446
2024/11/10 22:53:38 7314867801 33554444
2024/11/10 22:53:38 7381976687 33554442
2024/11/10 22:53:38 7348422246 33554440
2024/11/10 22:53:38 7415531130 33554441
2024/11/10 22:53:38 7449085572 33554444
2024/11/10 22:53:38 7482640017 33554438
2024/11/10 22:53:39 7516194456 33554442
2024/11/10 22:53:39 7549748899 33554433
2024/11/10 22:53:39 7583303333 33554436
2024/11/10 22:53:39 7616857770 33554442
2024/11/10 22:53:39 7650412213 33554438
2024/11/10 22:53:39 7683966652 33554449
2024/11/10 22:53:40 7717521102 33554433
2024/11/10 22:53:40 7751075536 33554450
2024/11/10 22:53:40 7784629987 33554443
2024/11/10 22:53:40 7818184431 33554441
2024/11/10 22:53:40 7851738873 33554439
2024/11/10 22:53:40 7885293313 33554434
2024/11/10 22:53:40 7918847748 33554438
2024/11/10 22:53:40 7952402187 33554435
2024/11/10 22:53:41 7985956623 33554440
2024/11/10 22:53:41 8019511064 33554432
2024/11/10 22:53:41 8053065497 33554435
2024/11/10 22:53:41 8086619933 33554433
2024/11/10 22:53:41 8120174367 33554444
2024/11/10 22:53:41 8153728812 33554435
2024/11/10 22:53:41 8187283248 33554444
2024/11/10 22:53:41 8220837693 33554440
2024/11/10 22:53:42 8254392134 33554432
2024/11/10 22:53:42 8287946567 33554435
2024/11/10 22:53:42 8321501003 33554442
2024/11/10 22:53:42 8355055446 33554437
2024/11/10 22:53:42 8422164326 33554432
2024/11/10 22:53:42 8455718759 33554444
2024/11/10 22:53:42 8388609884 33554441
2024/11/10 22:53:42 8489273204 33554449
2024/11/10 22:53:43 8522827654 33554442
2024/11/10 22:53:43 8556382097 33554438
2024/11/10 22:53:43 8589936536 33554441
2024/11/10 22:53:43 8623490978 33554432
2024/11/10 22:53:43 8657045411 33554439
2024/11/10 22:53:43 8690599851 33554433
2024/11/10 22:53:43 8724154285 33554440
2024/11/10 22:53:43 8757708726 33554437
2024/11/10 22:53:44 8791263164 33554436
2024/11/10 22:53:44 8824817601 33554447
2024/11/10 22:53:44 8858372049 33554433
2024/11/10 22:53:44 8891926483 33554438
2024/11/10 22:53:44 8925480922 33554434
2024/11/10 22:53:44 8959035357 33554444
2024/11/10 22:53:44 8992589802 33554438
2024/11/10 22:53:44 9026144241 33554435
2024/11/10 22:53:45 9059698677 33554450
2024/11/10 22:53:45 9093253128 33554443
2024/11/10 22:53:45 9126807572 33554435
2024/11/10 22:53:45 9160362008 33554444
2024/11/10 22:53:45 9227470891 33554432
2024/11/10 22:53:45 9193916453 33554437
2024/11/10 22:53:45 9261025324 33554446
2024/11/10 22:53:46 9294579771 33554439
2024/11/10 22:53:46 9328134211 33554442
2024/11/10 22:53:46 9361688654 33554442
2024/11/10 22:53:46 9395243097 33554438
2024/11/10 22:53:46 9428797536 33554434
2024/11/10 22:53:46 9462351971 33554437
2024/11/10 22:53:46 9495906409 33554442
2024/11/10 22:53:46 9529460852 33554441
2024/11/10 22:53:47 9563015294 33554436
2024/11/10 22:53:47 9596569731 33554445
2024/11/10 22:53:47 9630124177 33554440
2024/11/10 22:53:47 9663678618 33554435
2024/11/10 22:53:47 9697233054 33554439
2024/11/10 22:53:47 9730787494 33554437
2024/11/10 22:53:47 9764341932 33554445
2024/11/10 22:53:48 9797896378 33554440
2024/11/10 22:53:48 9831450819 33554443
2024/11/10 22:53:48 9865005263 33554433
2024/11/10 22:53:48 9898559697 33554441
2024/11/10 22:53:48 9932114139 33554435
2024/11/10 22:53:48 9965668575 33554432
2024/11/10 22:53:48 9999223008 33554446
2024/11/10 22:53:49 10032777455 33554448
2024/11/10 22:53:49 10066331904 33554443
2024/11/10 22:53:49 10099886348 33554445
2024/11/10 22:53:49 10133440794 33554436
2024/11/10 22:53:49 10166995231 33554436
2024/11/10 22:53:49 10200549668 33554433
2024/11/10 22:53:49 10234104102 33554434
2024/11/10 22:53:50 10267658537 33554435
2024/11/10 22:53:50 10301212973 33554436
2024/11/10 22:53:50 10334767410 33554437
2024/11/10 22:53:50 10368321848 33554444
2024/11/10 22:53:50 10401876293 33554440
2024/11/10 22:53:50 10435430734 33554453
2024/11/10 22:53:50 10468985188 33554442
2024/11/10 22:53:50 10502539631 33554442
2024/11/10 22:53:51 10536094074 33554436
2024/11/10 22:53:51 10569648511 33554447
2024/11/10 22:53:51 10603202959 33554446
2024/11/10 22:53:51 10636757406 33554440
2024/11/10 22:53:51 10670311847 33554434
2024/11/10 22:53:51 10703866282 33554441
2024/11/10 22:53:51 10737420724 33554434
2024/11/10 22:53:51 10770975159 33554439
2024/11/10 22:53:52 10804529599 33554436
2024/11/10 22:53:52 10838084036 33554435
2024/11/10 22:53:52 10871638472 33554438
2024/11/10 22:53:52 10905192911 33554442
2024/11/10 22:53:52 10938747354 33554436
2024/11/10 22:53:52 10972301791 33554437
2024/11/10 22:53:52 11005856229 33554436
2024/11/10 22:53:53 11039410666 33554439
2024/11/10 22:53:53 11072965106 33554433
2024/11/10 22:53:53 11106519540 33554444
2024/11/10 22:53:53 11140073985 33554435
2024/11/10 22:53:53 11173628421 33554441
2024/11/10 22:53:53 11207182863 33554440
2024/11/10 22:53:53 11240737304 33554434
2024/11/10 22:53:53 11274291739 33554445
2024/11/10 22:53:54 11307846185 33554435
2024/11/10 22:53:54 11341400621 33554432
2024/11/10 22:53:54 11374955054 33554433
2024/11/10 22:53:54 11408509488 33554441
2024/11/10 22:53:54 11442063930 33554441
2024/11/10 22:53:54 11475618372 33554441
2024/11/10 22:53:54 11509172814 33554445
2024/11/10 22:53:54 11542727260 33554437
2024/11/10 22:53:55 11576281698 33554447
2024/11/10 22:53:55 11609836146 33554442
2024/11/10 22:53:55 11643390589 33554448
2024/11/10 22:53:55 11676945038 33554439
2024/11/10 22:53:55 11710499478 33554443
2024/11/10 22:53:55 11744053922 33554435
2024/11/10 22:53:55 11777608358 33554435
2024/11/10 22:53:55 11811162794 33554443
2024/11/10 22:53:56 11844717238 33554436
2024/11/10 22:53:56 11878271675 33554433
2024/11/10 22:53:56 11911826109 33554440
2024/11/10 22:53:56 11945380550 33554441
2024/11/10 22:53:56 11978934992 33554432
2024/11/10 22:53:56 12012489425 33554444
2024/11/10 22:53:56 12046043870 33554436
2024/11/10 22:53:56 12079598307 33554439
2024/11/10 22:53:57 12113152747 33554446
2024/11/10 22:53:57 12146707194 33554437
2024/11/10 22:53:57 12180261632 33554437
2024/11/10 22:53:57 12213816070 33554443
2024/11/10 22:53:57 12247370514 33554433
2024/11/10 22:53:57 12280924948 33554443
2024/11/10 22:53:57 12314479392 33554443
2024/11/10 22:53:57 12348033836 33554439
2024/11/10 22:53:58 12381588276 33554434
2024/11/10 22:53:58 12415142711 33554438
2024/11/10 22:53:58 12448697150 33554446
2024/11/10 22:53:58 12482251597 33554447
2024/11/10 22:53:58 12515806045 33554444
2024/11/10 22:53:58 12549360490 33554441
2024/11/10 22:53:58 12582914932 33554439
2024/11/10 22:53:59 12616469372 33554436
2024/11/10 22:53:59 12650023809 33554437
2024/11/10 22:53:59 12683578247 33554433
2024/11/10 22:53:59 12717132681 33554435
2024/11/10 22:53:59 12750687117 33554445
2024/11/10 22:53:59 12784241563 33554435
2024/11/10 22:53:59 12817795999 33554434
2024/11/10 22:53:59 12851350434 33554433
2024/11/10 22:54:00 12884904868 33554445
2024/11/10 22:54:00 12918459314 33554437
2024/11/10 22:54:00 12952013752 33554447
2024/11/10 22:54:00 12985568200 33554433
2024/11/10 22:54:00 13019122634 33554436
2024/11/10 22:54:00 13052677071 33554435
2024/11/10 22:54:00 13086231507 33554434
2024/11/10 22:54:00 13119785942 33554434
2024/11/10 22:54:01 13153340377 33554432
2024/11/10 22:54:01 13186894810 33554440
2024/11/10 22:54:01 13220449251 33554438
2024/11/10 22:54:01 13254003690 33554444
2024/11/10 22:54:01 13287558135 33554443
2024/11/10 22:54:01 13321112579 33554434
2024/11/10 22:54:01 13354667014 33554447
2024/11/10 22:54:01 13388221462 33554434
2024/11/10 22:54:02 13421775897 33554442
2024/11/10 22:54:02 13455330340 33554454
2024/11/10 22:54:02 13488884795 33554440
2024/11/10 22:54:02 13522439236 33554442
2024/11/10 22:54:02 13555993679 33554435
2024/11/10 22:54:02 13589548115 33554437
2024/11/10 22:54:02 13623102553 33554436
2024/11/10 22:54:02 13656656990 33554436
2024/11/10 22:54:03 13690211427 33554439
2024/11/10 22:54:03 13723765867 33554434
2024/11/10 22:54:03 13757320302 33554443

real	0m54.787s
user	6m55.859s
sys	0m5.023s

./1brc-040-file-partition

real	1m30.641s
user	11m15.931s
sys	0m17.797s

./1brc-030-fanout-scanner

real	2m25.118s
user	10m31.011s
sys	0m28.861s

./1brc-020-fanout

real	2m36.330s
user	10m17.496s
sys	0m23.373s

./1brc-010-baseline-scan-tweak

real	2m24.643s
user	2m19.296s
sys	0m6.179s

./1brc-005-baseline-scan

real	3m14.949s
user	3m12.576s
sys	0m5.828s

./1brc-002-plain-scanner

real	0m25.899s
user	0m21.532s
sys	0m4.437s

./1brc-001-baseline-read-limitmem

real	3m46.461s
user	3m44.422s
sys	0m5.557s

./1brc-000-baseline

real	4m3.894s
user	3m51.414s
sys	0m12.343s

